make all --print-data-base --no-builtin-variables --no-builtin-rules --question
# GNU Make 3.81
# Copyright (C) 2006  Free Software Foundation, Inc.
# This is free software; see the source for copying conditions.
# There is NO warranty; not even for MERCHANTABILITY or FITNESS FOR A
# PARTICULAR PURPOSE.

# This program built for i386-apple-darwin11.3.0

# Make data base, printed on Thu Jun  2 16:23:12 2022

# Variables

# automatic
<D = $(patsubst %/,%,$(dir $<))
# automatic
?F = $(notdir $?)
# makefile (from `Makefile', line 19)
OBJ = efast.o arcstar.o luvharris.o process.o customharris.o main.o 
# makefile (from `Makefile', line 14)
SRC = ./src/
# environment
VSCODE_LOG_NATIVE = false
# makefile (from `Makefile', line 3)
TARGET = main
# automatic
?D = $(patsubst %/,%,$(dir $?))
# makefile (from `Makefile', line 5)
INCLUDES = -I/usr/local/Cellar/eigen/3.4.0_1/include/eigen3/ -I/usr/local/Cellar/opencv/4.5.5_1/include/opencv4/ -I include
# automatic
@D = $(patsubst %/,%,$(dir $@))
# automatic
@F = $(notdir $@)
# makefile
CURDIR := /Users/vincent/Desktop/CityUHK/Event_Process/EBBINNOT/Codes/C++/Corner_V3
# makefile
SHELL = /bin/sh
# environment
VSCODE_NLS_CONFIG = {"locale":"en-us","availableLanguages":{},"_languagePackSupport":true}
# environment
_ = /usr/bin/make
# makefile (from `Makefile', line 1)
MAKEFILE_LIST :=  Makefile
# makefile (from `Makefile', line 10)
CXXFLAGS = -std=c++11 -w -O2 $(INCLUDES)
# environment
VSCODE_VERBOSE_LOGGING = true
# makefile (from `Makefile', line 9)
CXXFLAGS_o = -std=c++11 -w -O2 $(INCLUDES)
# environment
__CFBundleIdentifier = com.microsoft.VSCode
# environment
VSCODE_IPC_HOOK_EXTHOST = /var/folders/k3/xjz4qnts12g5v03mpmslsjy80000gn/T/vscode-ipc-eea6a1e5-0d55-4327-b747-c23b47e40fa7.sock
# environment
VSCODE_CWD = /
# environment
PATH = /Library/Frameworks/Python.framework/Versions/3.8/bin:/Library/Frameworks/Python.framework/Versions/3.6/bin:/Library/Frameworks/Python.framework/Versions/3.6/bin:/usr/local/bin:/anaconda3/bin:/usr/local/bin:/usr/bin:/bin:/usr/sbin:/sbin:/Applications/VMware Fusion.app/Contents/Public:/usr/local/share/dotnet:/opt/X11/bin:/Library/Apple/usr/bin:/Library/Frameworks/Mono.framework/Versions/Current/Commands:/Applications/Xamarin Workbooks.app/Contents/SharedSupport/path-bin:/Applications/microchip/xc16/v1.36/bin:/Applications/microchip/xc8/v2.05/bin:/Applications/microchip/xc32/v2.15/bin
# environment
VSCODE_HANDLES_UNCAUGHT_ERRORS = true
# environment
VIRTUALENVWRAPPER_PYTHON = /usr/local/bin/python3
# environment
VSCODE_LOG_STACK = false
# environment
ELECTRON_RUN_AS_NODE = 1
# makefile (from `Makefile', line 6)
LDFLAGS = -lopencv_core -lopencv_imgcodecs -lopencv_imgproc -lopencv_highgui -lopencv_ml -lopencv_video -lopencv_features2d -lopencv_videoio -lopencv_photo 
# default
.FEATURES := target-specific order-only second-expansion else-if archives jobserver check-symlink
# environment
SSH_AUTH_SOCK = /private/tmp/com.apple.launchd.mEWGXD1gas/Listeners
# automatic
%F = $(notdir $%)
# environment
DISPLAY = /private/tmp/com.apple.launchd.BNliqmBGKo/org.xquartz:0
# environment
VSCODE_PIPE_LOGGING = true
# environment
PWD = /Users/vincent/Desktop/CityUHK/Event_Process/EBBINNOT/Codes/C++/Corner_V3
# environment
ORIGINAL_XDG_CURRENT_DESKTOP = undefined
# makefile (from `Makefile', line 13)
INC_DIR = ./include/
# environment
VSCODE_AMD_ENTRYPOINT = vs/workbench/api/node/extensionHostProcess
# environment
HOME = /Users/vincent
# default
MAKEFILEPATH = $(shell /usr/bin/xcode-select -print-path 2>/dev/null || echo /Developer)/Makefiles
# environment
VSCODE_CODE_CACHE_PATH = /Users/vincent/Library/Application Support/Code/CachedData/c3511e6c69bb39013c4a4b7b9566ec1ca73fc4d5
# environment
LOGNAME = vincent
# environment
APPLICATION_INSIGHTS_NO_DIAGNOSTIC_CHANNEL = 1
# environment
WORKON_HOME = /Users/vincent/.virtualenvs
# automatic
^D = $(patsubst %/,%,$(dir $^))
# environment
XPC_FLAGS = 0x0
# default
MAKE = $(MAKE_COMMAND)
# default
MAKECMDGOALS := all
# environment
SHLVL = 2
# default
MAKE_VERSION := 3.81
# environment
USER = vincent
# makefile
.DEFAULT_GOAL := main
# automatic
%D = $(patsubst %/,%,$(dir $%))
# default
MAKE_COMMAND := /Library/Developer/CommandLineTools/usr/bin/make
# default
.VARIABLES := 
# environment
TMPDIR = /var/folders/k3/xjz4qnts12g5v03mpmslsjy80000gn/T/
# automatic
*F = $(notdir $*)
# environment
VSCODE_IPC_HOOK = /Users/vincent/Library/Application Support/Code/1.67.2-main.sock
# makefile (from `Makefile', line 11)
CXXFLAGS_DEBUG = -std=c++11 -w -g3 -O2 $(INCLUDES)
# makefile
MAKEFLAGS = Rrqp
# environment
MFLAGS = -Rrqp
# automatic
*D = $(patsubst %/,%,$(dir $*))
# environment
XPC_SERVICE_NAME = application.com.microsoft.VSCode.8631919409.8631919415
# automatic
+D = $(patsubst %/,%,$(dir $+))
# automatic
+F = $(notdir $+)
# environment
__CF_USER_TEXT_ENCODING = 0x1F5:0x0:0x0
# environment
COMMAND_MODE = unix2003
# default
MAKEFILES := 
# automatic
<F = $(notdir $<)
# makefile (from `Makefile', line 1)
CXX = g++
# environment
LC_ALL = C
# automatic
^F = $(notdir $^)
# makefile (from `Makefile', line 17)
DEPS = $(INC_DIR)efast.hpp $(INC_DIR)arcstar.hpp $(INC_DIR)luvharris.hpp $(INC_DIR)process.hpp $(INC_DIR)customharris.hpp $(INC_DIR)progressbar.hpp
# default
SUFFIXES := 
# default
.INCLUDE_DIRS = /usr/local/include
# environment
MAKELEVEL := 0
# environment
LANG = C
# environment
VSCODE_PID = 99762
# variable set hash-table stats:
# Load=76/1024=7%, Rehash=0, Collisions=5/111=5%

# Pattern-specific Variable Values

# No pattern-specific variable values.

# Directories

# . (device 16777220, inode 8633126490): 16 files, no impossibilities.

# 16 files, no impossibilities in 1 directories.

# Implicit Rules

%.o: ./src/%.cpp ./include/efast.hpp ./include/arcstar.hpp ./include/luvharris.hpp ./include/process.hpp ./include/customharris.hpp ./include/progressbar.hpp
#  commands to execute (from `Makefile', line 23):
	$(CXX) $(CXXFLAGS_o) -c -o $@ $<
	

# 1 implicit rules, 0 (0.0%) terminal.

# Files

# Not a target:
customharris.o:
#  Implicit rule search has not been done.
#  Modification time never checked.
#  File has not been updated.

# Not a target:
all:
#  Command-line target.
#  Implicit rule search has been done.
#  File does not exist.
#  File has not been updated.
# variable set hash-table stats:
# Load=0/32=0%, Rehash=0, Collisions=0/0=0%

.PHONY: clean
#  Implicit rule search has not been done.
#  Modification time never checked.
#  File has not been updated.

# Not a target:
luvharris.o:
#  Implicit rule search has not been done.
#  Modification time never checked.
#  File has not been updated.

# Not a target:
efast.o:
#  Implicit rule search has not been done.
#  Modification time never checked.
#  File has not been updated.

# Not a target:
process.o:
#  Implicit rule search has not been done.
#  Modification time never checked.
#  File has not been updated.

# Not a target:
.SUFFIXES:
#  Implicit rule search has not been done.
#  Modification time never checked.
#  File has not been updated.

# Not a target:
Makefile:
#  Implicit rule search has been done.
#  Last modified 2022-05-31 14:34:22
#  File has been updated.
#  Successfully updated.
# variable set hash-table stats:
# Load=0/32=0%, Rehash=0, Collisions=0/0=0%

main_debug: efast.o arcstar.o luvharris.o process.o customharris.o main.o
#  Implicit rule search has not been done.
#  Modification time never checked.
#  File has not been updated.
#  commands to execute (from `Makefile', line 29):
	$(CXX) $(CXXFLAGS_DEBUG) -o $@ $^ $(LDFLAGS)
	

# Not a target:
arcstar.o:
#  Implicit rule search has not been done.
#  Modification time never checked.
#  File has not been updated.

# Not a target:
.DEFAULT:
#  Implicit rule search has not been done.
#  Modification time never checked.
#  File has not been updated.

clean:
#  Phony target (prerequisite of .PHONY).
#  Implicit rule search has not been done.
#  File does not exist.
#  File has not been updated.
#  commands to execute (from `Makefile', line 33):
	rm -f *.o
	

main: efast.o arcstar.o luvharris.o process.o customharris.o main.o
#  Implicit rule search has not been done.
#  Modification time never checked.
#  File has not been updated.
#  commands to execute (from `Makefile', line 26):
 
make: *** No rule to make target `all'.  Stop.

	$(CXX) $(CXXFLAGS) -o $@ $^ $(LDFLAGS)
	

# Not a target:
main.o:
#  Implicit rule search has not been done.
#  Modification time never checked.
#  File has not been updated.

# files hash-table stats:
# Load=14/1024=1%, Rehash=0, Collisions=0/39=0%
# VPATH Search Paths

# No `vpath' search paths.

# No general (`VPATH' variable) search path.

# # of strings in strcache: 1
# # of strcache buffers: 1
# strcache size: total = 4096 / max = 4096 / min = 4096 / avg = 4096
# strcache free: total = 4087 / max = 4087 / min = 4087 / avg = 4087

# Finished Make data base on Thu Jun  2 16:23:12 2022

 
